<?xml version="1.0" encoding="UTF-8"?>
<testng-results skipped="0" failed="1" ignored="0" total="38" passed="37">
  <reporter-output>
  </reporter-output>
  <suite name="Default suite" duration-ms="213" started-at="2017-06-25T14:17:21Z" finished-at="2017-06-25T14:17:21Z">
    <groups>
    </groups>
    <test name="Default test" duration-ms="213" started-at="2017-06-25T14:17:21Z" finished-at="2017-06-25T14:17:21Z">
      <class name="bwi.prog2B.SS2017.wi16b044_kapferer.ExerciseSheet01.test.TrackTest">
        <test-method status="PASS" signature="init()[pri:0, instance:bwi.prog2B.SS2017.wi16b044_kapferer.ExerciseSheet01.test.TrackTest@48eff760]" name="init" is-config="true" duration-ms="6" started-at="2017-06-25T16:17:21Z" finished-at="2017-06-25T16:17:21Z">
          <reporter-output>
          </reporter-output>
        </test-method> <!-- init -->
        <test-method status="PASS" signature="checkInit()[pri:0, instance:bwi.prog2B.SS2017.wi16b044_kapferer.ExerciseSheet01.test.TrackTest@48eff760]" name="checkInit" duration-ms="7" started-at="2017-06-25T16:17:21Z" finished-at="2017-06-25T16:17:21Z">
          <reporter-output>
          </reporter-output>
        </test-method> <!-- checkInit -->
        <test-method status="PASS" signature="init()[pri:0, instance:bwi.prog2B.SS2017.wi16b044_kapferer.ExerciseSheet01.test.TrackTest@48eff760]" name="init" is-config="true" duration-ms="0" started-at="2017-06-25T16:17:21Z" finished-at="2017-06-25T16:17:21Z">
          <reporter-output>
          </reporter-output>
        </test-method> <!-- init -->
        <test-method status="PASS" signature="getDuration(int, int)[pri:0, instance:bwi.prog2B.SS2017.wi16b044_kapferer.ExerciseSheet01.test.TrackTest@48eff760]" name="getDuration" duration-ms="2" started-at="2017-06-25T16:17:21Z" data-provider="duration" finished-at="2017-06-25T16:17:21Z">
          <params>
            <param index="0">
              <value>
                <![CDATA[-1]]>
              </value>
            </param>
            <param index="1">
              <value>
                <![CDATA[0]]>
              </value>
            </param>
          </params>
          <reporter-output>
          </reporter-output>
        </test-method> <!-- getDuration -->
        <test-method status="PASS" signature="getDuration(int, int)[pri:0, instance:bwi.prog2B.SS2017.wi16b044_kapferer.ExerciseSheet01.test.TrackTest@48eff760]" name="getDuration" duration-ms="1" started-at="2017-06-25T16:17:21Z" data-provider="duration" finished-at="2017-06-25T16:17:21Z">
          <params>
            <param index="0">
              <value>
                <![CDATA[0]]>
              </value>
            </param>
            <param index="1">
              <value>
                <![CDATA[0]]>
              </value>
            </param>
          </params>
          <reporter-output>
          </reporter-output>
        </test-method> <!-- getDuration -->
        <test-method status="PASS" signature="init()[pri:0, instance:bwi.prog2B.SS2017.wi16b044_kapferer.ExerciseSheet01.test.TrackTest@48eff760]" name="init" is-config="true" duration-ms="0" started-at="2017-06-25T16:17:21Z" finished-at="2017-06-25T16:17:21Z">
          <reporter-output>
          </reporter-output>
        </test-method> <!-- init -->
        <test-method status="PASS" signature="getDuration(int, int)[pri:0, instance:bwi.prog2B.SS2017.wi16b044_kapferer.ExerciseSheet01.test.TrackTest@48eff760]" name="getDuration" duration-ms="1" started-at="2017-06-25T16:17:21Z" data-provider="duration" finished-at="2017-06-25T16:17:21Z">
          <params>
            <param index="0">
              <value>
                <![CDATA[15]]>
              </value>
            </param>
            <param index="1">
              <value>
                <![CDATA[15]]>
              </value>
            </param>
          </params>
          <reporter-output>
          </reporter-output>
        </test-method> <!-- getDuration -->
        <test-method status="PASS" signature="init()[pri:0, instance:bwi.prog2B.SS2017.wi16b044_kapferer.ExerciseSheet01.test.TrackTest@48eff760]" name="init" is-config="true" duration-ms="0" started-at="2017-06-25T16:17:21Z" finished-at="2017-06-25T16:17:21Z">
          <reporter-output>
          </reporter-output>
        </test-method> <!-- init -->
        <test-method status="PASS" signature="getPerformer()[pri:0, instance:bwi.prog2B.SS2017.wi16b044_kapferer.ExerciseSheet01.test.TrackTest@48eff760]" name="getPerformer" duration-ms="91" started-at="2017-06-25T16:17:21Z" finished-at="2017-06-25T16:17:21Z">
          <reporter-output>
          </reporter-output>
        </test-method> <!-- getPerformer -->
        <test-method status="PASS" signature="init()[pri:0, instance:bwi.prog2B.SS2017.wi16b044_kapferer.ExerciseSheet01.test.TrackTest@48eff760]" name="init" is-config="true" duration-ms="0" started-at="2017-06-25T16:17:21Z" finished-at="2017-06-25T16:17:21Z">
          <reporter-output>
          </reporter-output>
        </test-method> <!-- init -->
        <test-method status="PASS" signature="init()[pri:0, instance:bwi.prog2B.SS2017.wi16b044_kapferer.ExerciseSheet01.test.TrackTest@48eff760]" name="init" is-config="true" duration-ms="0" started-at="2017-06-25T16:17:21Z" finished-at="2017-06-25T16:17:21Z">
          <reporter-output>
          </reporter-output>
        </test-method> <!-- init -->
        <test-method status="PASS" signature="getString(java.lang.String, bwi.prog2B.SS2017.wi16b044_kapferer.ExerciseSheet01.Artist, java.lang.String, bwi.prog2B.SS2017.wi16b044_kapferer.ExerciseSheet01.Artist, java.lang.String, int, java.lang.String)[pri:0, instance:bwi.prog2B.SS2017.wi16b044_kapferer.ExerciseSheet01.test.TrackTest@48eff760]" name="getString" duration-ms="1" started-at="2017-06-25T16:17:21Z" data-provider="getString" finished-at="2017-06-25T16:17:21Z">
          <params>
            <param index="0">
              <value is-null="true"/>
            </param>
            <param index="1">
              <value is-null="true"/>
            </param>
            <param index="2">
              <value is-null="true"/>
            </param>
            <param index="3">
              <value is-null="true"/>
            </param>
            <param index="4">
              <value is-null="true"/>
            </param>
            <param index="5">
              <value>
                <![CDATA[0]]>
              </value>
            </param>
            <param index="6">
              <value>
                <![CDATA[   unknown by    unknown performed by    unknown (00:00)]]>
              </value>
            </param>
          </params>
          <reporter-output>
          </reporter-output>
        </test-method> <!-- getString -->
        <test-method status="PASS" signature="init()[pri:0, instance:bwi.prog2B.SS2017.wi16b044_kapferer.ExerciseSheet01.test.TrackTest@48eff760]" name="init" is-config="true" duration-ms="1" started-at="2017-06-25T16:17:21Z" finished-at="2017-06-25T16:17:21Z">
          <reporter-output>
          </reporter-output>
        </test-method> <!-- init -->
        <test-method status="PASS" signature="getString(java.lang.String, bwi.prog2B.SS2017.wi16b044_kapferer.ExerciseSheet01.Artist, java.lang.String, bwi.prog2B.SS2017.wi16b044_kapferer.ExerciseSheet01.Artist, java.lang.String, int, java.lang.String)[pri:0, instance:bwi.prog2B.SS2017.wi16b044_kapferer.ExerciseSheet01.test.TrackTest@48eff760]" name="getString" duration-ms="12" started-at="2017-06-25T16:17:21Z" data-provider="getString" finished-at="2017-06-25T16:17:21Z">
          <params>
            <param index="0">
              <value>
                <![CDATA[song]]>
              </value>
            </param>
            <param index="1">
              <value>
                <![CDATA[Mock for Artist, hashCode: 392781299]]>
              </value>
            </param>
            <param index="2">
              <value is-null="true"/>
            </param>
            <param index="3">
              <value>
                <![CDATA[Mock for Artist, hashCode: 1822383117]]>
              </value>
            </param>
            <param index="4">
              <value is-null="true"/>
            </param>
            <param index="5">
              <value>
                <![CDATA[123]]>
              </value>
            </param>
            <param index="6">
              <value>
                <![CDATA[      song by    unknown performed by    unknown (02:03)]]>
              </value>
            </param>
          </params>
          <reporter-output>
          </reporter-output>
        </test-method> <!-- getString -->
        <test-method status="PASS" signature="getString(java.lang.String, bwi.prog2B.SS2017.wi16b044_kapferer.ExerciseSheet01.Artist, java.lang.String, bwi.prog2B.SS2017.wi16b044_kapferer.ExerciseSheet01.Artist, java.lang.String, int, java.lang.String)[pri:0, instance:bwi.prog2B.SS2017.wi16b044_kapferer.ExerciseSheet01.test.TrackTest@48eff760]" name="getString" duration-ms="1" started-at="2017-06-25T16:17:21Z" data-provider="getString" finished-at="2017-06-25T16:17:21Z">
          <params>
            <param index="0">
              <value>
                <![CDATA[short song]]>
              </value>
            </param>
            <param index="1">
              <value>
                <![CDATA[Mock for Artist, hashCode: 1313532469]]>
              </value>
            </param>
            <param index="2">
              <value>
                <![CDATA[writer]]>
              </value>
            </param>
            <param index="3">
              <value>
                <![CDATA[Mock for Artist, hashCode: 339924917]]>
              </value>
            </param>
            <param index="4">
              <value>
                <![CDATA[performer]]>
              </value>
            </param>
            <param index="5">
              <value>
                <![CDATA[1230]]>
              </value>
            </param>
            <param index="6">
              <value>
                <![CDATA[short song by     writer performed by  performer (20:30)]]>
              </value>
            </param>
          </params>
          <reporter-output>
          </reporter-output>
        </test-method> <!-- getString -->
        <test-method status="PASS" signature="init()[pri:0, instance:bwi.prog2B.SS2017.wi16b044_kapferer.ExerciseSheet01.test.TrackTest@48eff760]" name="init" is-config="true" duration-ms="0" started-at="2017-06-25T16:17:21Z" finished-at="2017-06-25T16:17:21Z">
          <reporter-output>
          </reporter-output>
        </test-method> <!-- init -->
        <test-method status="PASS" signature="init()[pri:0, instance:bwi.prog2B.SS2017.wi16b044_kapferer.ExerciseSheet01.test.TrackTest@48eff760]" name="init" is-config="true" duration-ms="1" started-at="2017-06-25T16:17:21Z" finished-at="2017-06-25T16:17:21Z">
          <reporter-output>
          </reporter-output>
        </test-method> <!-- init -->
        <test-method status="PASS" signature="getString(java.lang.String, bwi.prog2B.SS2017.wi16b044_kapferer.ExerciseSheet01.Artist, java.lang.String, bwi.prog2B.SS2017.wi16b044_kapferer.ExerciseSheet01.Artist, java.lang.String, int, java.lang.String)[pri:0, instance:bwi.prog2B.SS2017.wi16b044_kapferer.ExerciseSheet01.test.TrackTest@48eff760]" name="getString" duration-ms="1" started-at="2017-06-25T16:17:21Z" data-provider="getString" finished-at="2017-06-25T16:17:21Z">
          <params>
            <param index="0">
              <value>
                <![CDATA[very long songtitle]]>
              </value>
            </param>
            <param index="1">
              <value>
                <![CDATA[Mock for Artist, hashCode: 124407148]]>
              </value>
            </param>
            <param index="2">
              <value>
                <![CDATA[long writer]]>
              </value>
            </param>
            <param index="3">
              <value>
                <![CDATA[Mock for Artist, hashCode: 85445963]]>
              </value>
            </param>
            <param index="4">
              <value>
                <![CDATA[long performer]]>
              </value>
            </param>
            <param index="5">
              <value>
                <![CDATA[1230]]>
              </value>
            </param>
            <param index="6">
              <value>
                <![CDATA[very long  by long write performed by long perfo (20:30)]]>
              </value>
            </param>
          </params>
          <reporter-output>
          </reporter-output>
        </test-method> <!-- getString -->
        <test-method status="PASS" signature="getTitle(java.lang.String, java.lang.String)[pri:0, instance:bwi.prog2B.SS2017.wi16b044_kapferer.ExerciseSheet01.test.TrackTest@48eff760]" name="getTitle" duration-ms="0" started-at="2017-06-25T16:17:21Z" data-provider="title" finished-at="2017-06-25T16:17:21Z">
          <params>
            <param index="0">
              <value is-null="true"/>
            </param>
            <param index="1">
              <value>
                <![CDATA[unknown title]]>
              </value>
            </param>
          </params>
          <reporter-output>
          </reporter-output>
        </test-method> <!-- getTitle -->
        <test-method status="PASS" signature="init()[pri:0, instance:bwi.prog2B.SS2017.wi16b044_kapferer.ExerciseSheet01.test.TrackTest@48eff760]" name="init" is-config="true" duration-ms="0" started-at="2017-06-25T16:17:21Z" finished-at="2017-06-25T16:17:21Z">
          <reporter-output>
          </reporter-output>
        </test-method> <!-- init -->
        <test-method status="PASS" signature="init()[pri:0, instance:bwi.prog2B.SS2017.wi16b044_kapferer.ExerciseSheet01.test.TrackTest@48eff760]" name="init" is-config="true" duration-ms="0" started-at="2017-06-25T16:17:21Z" finished-at="2017-06-25T16:17:21Z">
          <reporter-output>
          </reporter-output>
        </test-method> <!-- init -->
        <test-method status="PASS" signature="getTitle(java.lang.String, java.lang.String)[pri:0, instance:bwi.prog2B.SS2017.wi16b044_kapferer.ExerciseSheet01.test.TrackTest@48eff760]" name="getTitle" duration-ms="1" started-at="2017-06-25T16:17:21Z" data-provider="title" finished-at="2017-06-25T16:17:21Z">
          <params>
            <param index="0">
              <value>
                <![CDATA[Let's do party]]>
              </value>
            </param>
            <param index="1">
              <value>
                <![CDATA[Let's do party]]>
              </value>
            </param>
          </params>
          <reporter-output>
          </reporter-output>
        </test-method> <!-- getTitle -->
        <test-method status="PASS" signature="init()[pri:0, instance:bwi.prog2B.SS2017.wi16b044_kapferer.ExerciseSheet01.test.TrackTest@48eff760]" name="init" is-config="true" duration-ms="0" started-at="2017-06-25T16:17:21Z" finished-at="2017-06-25T16:17:21Z">
          <reporter-output>
          </reporter-output>
        </test-method> <!-- init -->
        <test-method status="PASS" signature="getTitle(java.lang.String, java.lang.String)[pri:0, instance:bwi.prog2B.SS2017.wi16b044_kapferer.ExerciseSheet01.test.TrackTest@48eff760]" name="getTitle" duration-ms="1" started-at="2017-06-25T16:17:21Z" data-provider="title" finished-at="2017-06-25T16:17:21Z">
          <params>
            <param index="0">
              <value>
                <![CDATA[In Memory]]>
              </value>
            </param>
            <param index="1">
              <value>
                <![CDATA[In Memory]]>
              </value>
            </param>
          </params>
          <reporter-output>
          </reporter-output>
        </test-method> <!-- getTitle -->
        <test-method status="PASS" signature="init()[pri:0, instance:bwi.prog2B.SS2017.wi16b044_kapferer.ExerciseSheet01.test.TrackTest@48eff760]" name="init" is-config="true" duration-ms="0" started-at="2017-06-25T16:17:21Z" finished-at="2017-06-25T16:17:21Z">
          <reporter-output>
          </reporter-output>
        </test-method> <!-- init -->
        <test-method status="PASS" signature="getWriter()[pri:0, instance:bwi.prog2B.SS2017.wi16b044_kapferer.ExerciseSheet01.test.TrackTest@48eff760]" name="getWriter" duration-ms="1" started-at="2017-06-25T16:17:21Z" finished-at="2017-06-25T16:17:21Z">
          <reporter-output>
          </reporter-output>
        </test-method> <!-- getWriter -->
        <test-method status="PASS" signature="init()[pri:0, instance:bwi.prog2B.SS2017.wi16b044_kapferer.ExerciseSheet01.test.TrackTest@48eff760]" name="init" is-config="true" duration-ms="0" started-at="2017-06-25T16:17:21Z" finished-at="2017-06-25T16:17:21Z">
          <reporter-output>
          </reporter-output>
        </test-method> <!-- init -->
        <test-method status="PASS" signature="getYear(int, int)[pri:0, instance:bwi.prog2B.SS2017.wi16b044_kapferer.ExerciseSheet01.test.TrackTest@48eff760]" name="getYear" duration-ms="1" started-at="2017-06-25T16:17:21Z" data-provider="year" finished-at="2017-06-25T16:17:21Z">
          <params>
            <param index="0">
              <value>
                <![CDATA[1899]]>
              </value>
            </param>
            <param index="1">
              <value>
                <![CDATA[0]]>
              </value>
            </param>
          </params>
          <reporter-output>
          </reporter-output>
        </test-method> <!-- getYear -->
        <test-method status="PASS" signature="init()[pri:0, instance:bwi.prog2B.SS2017.wi16b044_kapferer.ExerciseSheet01.test.TrackTest@48eff760]" name="init" is-config="true" duration-ms="0" started-at="2017-06-25T16:17:21Z" finished-at="2017-06-25T16:17:21Z">
          <reporter-output>
          </reporter-output>
        </test-method> <!-- init -->
        <test-method status="PASS" signature="getYear(int, int)[pri:0, instance:bwi.prog2B.SS2017.wi16b044_kapferer.ExerciseSheet01.test.TrackTest@48eff760]" name="getYear" duration-ms="1" started-at="2017-06-25T16:17:21Z" data-provider="year" finished-at="2017-06-25T16:17:21Z">
          <params>
            <param index="0">
              <value>
                <![CDATA[1901]]>
              </value>
            </param>
            <param index="1">
              <value>
                <![CDATA[1901]]>
              </value>
            </param>
          </params>
          <reporter-output>
          </reporter-output>
        </test-method> <!-- getYear -->
        <test-method status="PASS" signature="getYear(int, int)[pri:0, instance:bwi.prog2B.SS2017.wi16b044_kapferer.ExerciseSheet01.test.TrackTest@48eff760]" name="getYear" duration-ms="1" started-at="2017-06-25T16:17:21Z" data-provider="year" finished-at="2017-06-25T16:17:21Z">
          <params>
            <param index="0">
              <value>
                <![CDATA[3000]]>
              </value>
            </param>
            <param index="1">
              <value>
                <![CDATA[0]]>
              </value>
            </param>
          </params>
          <reporter-output>
          </reporter-output>
        </test-method> <!-- getYear -->
        <test-method status="PASS" signature="init()[pri:0, instance:bwi.prog2B.SS2017.wi16b044_kapferer.ExerciseSheet01.test.TrackTest@48eff760]" name="init" is-config="true" duration-ms="0" started-at="2017-06-25T16:17:21Z" finished-at="2017-06-25T16:17:21Z">
          <reporter-output>
          </reporter-output>
        </test-method> <!-- init -->
        <test-method status="PASS" signature="init()[pri:0, instance:bwi.prog2B.SS2017.wi16b044_kapferer.ExerciseSheet01.test.TrackTest@48eff760]" name="init" is-config="true" duration-ms="0" started-at="2017-06-25T16:17:21Z" finished-at="2017-06-25T16:17:21Z">
          <reporter-output>
          </reporter-output>
        </test-method> <!-- init -->
        <test-method status="PASS" signature="getYear(int, int)[pri:0, instance:bwi.prog2B.SS2017.wi16b044_kapferer.ExerciseSheet01.test.TrackTest@48eff760]" name="getYear" duration-ms="1" started-at="2017-06-25T16:17:21Z" data-provider="year" finished-at="2017-06-25T16:17:21Z">
          <params>
            <param index="0">
              <value>
                <![CDATA[2999]]>
              </value>
            </param>
            <param index="1">
              <value>
                <![CDATA[2999]]>
              </value>
            </param>
          </params>
          <reporter-output>
          </reporter-output>
        </test-method> <!-- getYear -->
        <test-method status="PASS" signature="getYear(int, int)[pri:0, instance:bwi.prog2B.SS2017.wi16b044_kapferer.ExerciseSheet01.test.TrackTest@48eff760]" name="getYear" duration-ms="1" started-at="2017-06-25T16:17:21Z" data-provider="year" finished-at="2017-06-25T16:17:21Z">
          <params>
            <param index="0">
              <value>
                <![CDATA[2014]]>
              </value>
            </param>
            <param index="1">
              <value>
                <![CDATA[2014]]>
              </value>
            </param>
          </params>
          <reporter-output>
          </reporter-output>
        </test-method> <!-- getYear -->
        <test-method status="PASS" signature="init()[pri:0, instance:bwi.prog2B.SS2017.wi16b044_kapferer.ExerciseSheet01.test.TrackTest@48eff760]" name="init" is-config="true" duration-ms="0" started-at="2017-06-25T16:17:21Z" finished-at="2017-06-25T16:17:21Z">
          <reporter-output>
          </reporter-output>
        </test-method> <!-- init -->
        <test-method status="PASS" signature="getYear(int, int)[pri:0, instance:bwi.prog2B.SS2017.wi16b044_kapferer.ExerciseSheet01.test.TrackTest@48eff760]" name="getYear" duration-ms="2" started-at="2017-06-25T16:17:21Z" data-provider="year" finished-at="2017-06-25T16:17:21Z">
          <params>
            <param index="0">
              <value>
                <![CDATA[-50]]>
              </value>
            </param>
            <param index="1">
              <value>
                <![CDATA[0]]>
              </value>
            </param>
          </params>
          <reporter-output>
          </reporter-output>
        </test-method> <!-- getYear -->
        <test-method status="PASS" signature="init()[pri:0, instance:bwi.prog2B.SS2017.wi16b044_kapferer.ExerciseSheet01.test.TrackTest@48eff760]" name="init" is-config="true" duration-ms="0" started-at="2017-06-25T16:17:21Z" finished-at="2017-06-25T16:17:21Z">
          <reporter-output>
          </reporter-output>
        </test-method> <!-- init -->
        <test-method status="PASS" signature="init()[pri:0, instance:bwi.prog2B.SS2017.wi16b044_kapferer.ExerciseSheet01.test.TrackTest@48eff760]" name="init" is-config="true" duration-ms="1" started-at="2017-06-25T16:17:21Z" finished-at="2017-06-25T16:17:21Z">
          <reporter-output>
          </reporter-output>
        </test-method> <!-- init -->
        <test-method status="PASS" signature="setDuration(int, int)[pri:0, instance:bwi.prog2B.SS2017.wi16b044_kapferer.ExerciseSheet01.test.TrackTest@48eff760]" name="setDuration" duration-ms="0" started-at="2017-06-25T16:17:21Z" data-provider="duration" finished-at="2017-06-25T16:17:21Z">
          <params>
            <param index="0">
              <value>
                <![CDATA[-1]]>
              </value>
            </param>
            <param index="1">
              <value>
                <![CDATA[0]]>
              </value>
            </param>
          </params>
          <reporter-output>
          </reporter-output>
        </test-method> <!-- setDuration -->
        <test-method status="PASS" signature="setDuration(int, int)[pri:0, instance:bwi.prog2B.SS2017.wi16b044_kapferer.ExerciseSheet01.test.TrackTest@48eff760]" name="setDuration" duration-ms="1" started-at="2017-06-25T16:17:21Z" data-provider="duration" finished-at="2017-06-25T16:17:21Z">
          <params>
            <param index="0">
              <value>
                <![CDATA[0]]>
              </value>
            </param>
            <param index="1">
              <value>
                <![CDATA[0]]>
              </value>
            </param>
          </params>
          <reporter-output>
          </reporter-output>
        </test-method> <!-- setDuration -->
        <test-method status="PASS" signature="init()[pri:0, instance:bwi.prog2B.SS2017.wi16b044_kapferer.ExerciseSheet01.test.TrackTest@48eff760]" name="init" is-config="true" duration-ms="0" started-at="2017-06-25T16:17:21Z" finished-at="2017-06-25T16:17:21Z">
          <reporter-output>
          </reporter-output>
        </test-method> <!-- init -->
        <test-method status="PASS" signature="init()[pri:0, instance:bwi.prog2B.SS2017.wi16b044_kapferer.ExerciseSheet01.test.TrackTest@48eff760]" name="init" is-config="true" duration-ms="1" started-at="2017-06-25T16:17:21Z" finished-at="2017-06-25T16:17:21Z">
          <reporter-output>
          </reporter-output>
        </test-method> <!-- init -->
        <test-method status="PASS" signature="setDuration(int, int)[pri:0, instance:bwi.prog2B.SS2017.wi16b044_kapferer.ExerciseSheet01.test.TrackTest@48eff760]" name="setDuration" duration-ms="0" started-at="2017-06-25T16:17:21Z" data-provider="duration" finished-at="2017-06-25T16:17:21Z">
          <params>
            <param index="0">
              <value>
                <![CDATA[15]]>
              </value>
            </param>
            <param index="1">
              <value>
                <![CDATA[15]]>
              </value>
            </param>
          </params>
          <reporter-output>
          </reporter-output>
        </test-method> <!-- setDuration -->
        <test-method status="PASS" signature="init()[pri:0, instance:bwi.prog2B.SS2017.wi16b044_kapferer.ExerciseSheet01.test.TrackTest@48eff760]" name="init" is-config="true" duration-ms="0" started-at="2017-06-25T16:17:21Z" finished-at="2017-06-25T16:17:21Z">
          <reporter-output>
          </reporter-output>
        </test-method> <!-- init -->
        <test-method status="PASS" signature="setPerformer()[pri:0, instance:bwi.prog2B.SS2017.wi16b044_kapferer.ExerciseSheet01.test.TrackTest@48eff760]" name="setPerformer" duration-ms="1" started-at="2017-06-25T16:17:21Z" finished-at="2017-06-25T16:17:21Z">
          <reporter-output>
          </reporter-output>
        </test-method> <!-- setPerformer -->
        <test-method status="PASS" signature="setPerformerNull()[pri:0, instance:bwi.prog2B.SS2017.wi16b044_kapferer.ExerciseSheet01.test.TrackTest@48eff760]" name="setPerformerNull" duration-ms="1" started-at="2017-06-25T16:17:21Z" finished-at="2017-06-25T16:17:21Z">
          <reporter-output>
          </reporter-output>
        </test-method> <!-- setPerformerNull -->
        <test-method status="PASS" signature="init()[pri:0, instance:bwi.prog2B.SS2017.wi16b044_kapferer.ExerciseSheet01.test.TrackTest@48eff760]" name="init" is-config="true" duration-ms="0" started-at="2017-06-25T16:17:21Z" finished-at="2017-06-25T16:17:21Z">
          <reporter-output>
          </reporter-output>
        </test-method> <!-- init -->
        <test-method status="PASS" signature="init()[pri:0, instance:bwi.prog2B.SS2017.wi16b044_kapferer.ExerciseSheet01.test.TrackTest@48eff760]" name="init" is-config="true" duration-ms="1" started-at="2017-06-25T16:17:21Z" finished-at="2017-06-25T16:17:21Z">
          <reporter-output>
          </reporter-output>
        </test-method> <!-- init -->
        <test-method status="FAIL" signature="setTitle(java.lang.String, java.lang.String)[pri:0, instance:bwi.prog2B.SS2017.wi16b044_kapferer.ExerciseSheet01.test.TrackTest@48eff760]" name="setTitle" duration-ms="2" started-at="2017-06-25T16:17:21Z" data-provider="title" finished-at="2017-06-25T16:17:21Z">
          <params>
            <param index="0">
              <value is-null="true"/>
            </param>
            <param index="1">
              <value>
                <![CDATA[unknown title]]>
              </value>
            </param>
          </params>
          <exception class="java.lang.AssertionError">
            <message>
              <![CDATA[expected [null] but found [unknown title]]]>
            </message>
            <full-stacktrace>
              <![CDATA[java.lang.AssertionError: expected [null] but found [unknown title]
	at org.testng.Assert.fail(Assert.java:93)
	at org.testng.Assert.failNotEquals(Assert.java:512)
	at org.testng.Assert.assertEqualsImpl(Assert.java:129)
	at org.testng.Assert.assertEquals(Assert.java:115)
	at org.testng.Assert.assertEquals(Assert.java:178)
	at bwi.prog2B.SS2017.wi16b044_kapferer.ExerciseSheet01.test.TrackTest.setTitle(TrackTest.java:232)
	at sun.reflect.NativeMethodAccessorImpl.invoke0(Native Method)
	at sun.reflect.NativeMethodAccessorImpl.invoke(NativeMethodAccessorImpl.java:62)
	at sun.reflect.DelegatingMethodAccessorImpl.invoke(DelegatingMethodAccessorImpl.java:43)
	at java.lang.reflect.Method.invoke(Method.java:498)
	at org.testng.internal.MethodInvocationHelper.invokeMethod(MethodInvocationHelper.java:108)
	at org.testng.internal.Invoker.invokeMethod(Invoker.java:661)
	at org.testng.internal.Invoker.invokeTestMethod(Invoker.java:869)
	at org.testng.internal.Invoker.invokeTestMethods(Invoker.java:1193)
	at org.testng.internal.TestMethodWorker.invokeTestMethods(TestMethodWorker.java:126)
	at org.testng.internal.TestMethodWorker.run(TestMethodWorker.java:109)
	at org.testng.TestRunner.privateRun(TestRunner.java:744)
	at org.testng.TestRunner.run(TestRunner.java:602)
	at org.testng.SuiteRunner.runTest(SuiteRunner.java:380)
	at org.testng.SuiteRunner.runSequentially(SuiteRunner.java:375)
	at org.testng.SuiteRunner.privateRun(SuiteRunner.java:340)
	at org.testng.SuiteRunner.run(SuiteRunner.java:289)
	at org.testng.SuiteRunnerWorker.runSuite(SuiteRunnerWorker.java:52)
	at org.testng.SuiteRunnerWorker.run(SuiteRunnerWorker.java:86)
	at org.testng.TestNG.runSuitesSequentially(TestNG.java:1301)
	at org.testng.TestNG.runSuitesLocally(TestNG.java:1226)
	at org.testng.TestNG.runSuites(TestNG.java:1144)
	at org.testng.TestNG.run(TestNG.java:1115)
	at org.testng.remote.AbstractRemoteTestNG.run(AbstractRemoteTestNG.java:132)
	at org.testng.remote.RemoteTestNG.initAndRun(RemoteTestNG.java:230)
	at org.testng.remote.RemoteTestNG.main(RemoteTestNG.java:76)
]]>
            </full-stacktrace>
          </exception> <!-- java.lang.AssertionError -->
          <reporter-output>
          </reporter-output>
        </test-method> <!-- setTitle -->
        <test-method status="PASS" signature="setTitle(java.lang.String, java.lang.String)[pri:0, instance:bwi.prog2B.SS2017.wi16b044_kapferer.ExerciseSheet01.test.TrackTest@48eff760]" name="setTitle" duration-ms="1" started-at="2017-06-25T16:17:21Z" data-provider="title" finished-at="2017-06-25T16:17:21Z">
          <params>
            <param index="0">
              <value>
                <![CDATA[Let's do party]]>
              </value>
            </param>
            <param index="1">
              <value>
                <![CDATA[Let's do party]]>
              </value>
            </param>
          </params>
          <reporter-output>
          </reporter-output>
        </test-method> <!-- setTitle -->
        <test-method status="PASS" signature="init()[pri:0, instance:bwi.prog2B.SS2017.wi16b044_kapferer.ExerciseSheet01.test.TrackTest@48eff760]" name="init" is-config="true" duration-ms="0" started-at="2017-06-25T16:17:21Z" finished-at="2017-06-25T16:17:21Z">
          <reporter-output>
          </reporter-output>
        </test-method> <!-- init -->
        <test-method status="PASS" signature="setTitle(java.lang.String, java.lang.String)[pri:0, instance:bwi.prog2B.SS2017.wi16b044_kapferer.ExerciseSheet01.test.TrackTest@48eff760]" name="setTitle" duration-ms="1" started-at="2017-06-25T16:17:21Z" data-provider="title" finished-at="2017-06-25T16:17:21Z">
          <params>
            <param index="0">
              <value>
                <![CDATA[In Memory]]>
              </value>
            </param>
            <param index="1">
              <value>
                <![CDATA[In Memory]]>
              </value>
            </param>
          </params>
          <reporter-output>
          </reporter-output>
        </test-method> <!-- setTitle -->
        <test-method status="PASS" signature="init()[pri:0, instance:bwi.prog2B.SS2017.wi16b044_kapferer.ExerciseSheet01.test.TrackTest@48eff760]" name="init" is-config="true" duration-ms="0" started-at="2017-06-25T16:17:21Z" finished-at="2017-06-25T16:17:21Z">
          <reporter-output>
          </reporter-output>
        </test-method> <!-- init -->
        <test-method status="PASS" signature="setWriter()[pri:0, instance:bwi.prog2B.SS2017.wi16b044_kapferer.ExerciseSheet01.test.TrackTest@48eff760]" name="setWriter" duration-ms="1" started-at="2017-06-25T16:17:21Z" finished-at="2017-06-25T16:17:21Z">
          <reporter-output>
          </reporter-output>
        </test-method> <!-- setWriter -->
        <test-method status="PASS" signature="init()[pri:0, instance:bwi.prog2B.SS2017.wi16b044_kapferer.ExerciseSheet01.test.TrackTest@48eff760]" name="init" is-config="true" duration-ms="0" started-at="2017-06-25T16:17:21Z" finished-at="2017-06-25T16:17:21Z">
          <reporter-output>
          </reporter-output>
        </test-method> <!-- init -->
        <test-method status="PASS" signature="init()[pri:0, instance:bwi.prog2B.SS2017.wi16b044_kapferer.ExerciseSheet01.test.TrackTest@48eff760]" name="init" is-config="true" duration-ms="0" started-at="2017-06-25T16:17:21Z" finished-at="2017-06-25T16:17:21Z">
          <reporter-output>
          </reporter-output>
        </test-method> <!-- init -->
        <test-method status="PASS" signature="setWriterNull()[pri:0, instance:bwi.prog2B.SS2017.wi16b044_kapferer.ExerciseSheet01.test.TrackTest@48eff760]" name="setWriterNull" duration-ms="0" started-at="2017-06-25T16:17:21Z" finished-at="2017-06-25T16:17:21Z">
          <reporter-output>
          </reporter-output>
        </test-method> <!-- setWriterNull -->
        <test-method status="PASS" signature="setYear(int, int)[pri:0, instance:bwi.prog2B.SS2017.wi16b044_kapferer.ExerciseSheet01.test.TrackTest@48eff760]" name="setYear" duration-ms="1" started-at="2017-06-25T16:17:21Z" data-provider="year" finished-at="2017-06-25T16:17:21Z">
          <params>
            <param index="0">
              <value>
                <![CDATA[1899]]>
              </value>
            </param>
            <param index="1">
              <value>
                <![CDATA[0]]>
              </value>
            </param>
          </params>
          <reporter-output>
          </reporter-output>
        </test-method> <!-- setYear -->
        <test-method status="PASS" signature="init()[pri:0, instance:bwi.prog2B.SS2017.wi16b044_kapferer.ExerciseSheet01.test.TrackTest@48eff760]" name="init" is-config="true" duration-ms="0" started-at="2017-06-25T16:17:21Z" finished-at="2017-06-25T16:17:21Z">
          <reporter-output>
          </reporter-output>
        </test-method> <!-- init -->
        <test-method status="PASS" signature="setYear(int, int)[pri:0, instance:bwi.prog2B.SS2017.wi16b044_kapferer.ExerciseSheet01.test.TrackTest@48eff760]" name="setYear" duration-ms="1" started-at="2017-06-25T16:17:21Z" data-provider="year" finished-at="2017-06-25T16:17:21Z">
          <params>
            <param index="0">
              <value>
                <![CDATA[1901]]>
              </value>
            </param>
            <param index="1">
              <value>
                <![CDATA[1901]]>
              </value>
            </param>
          </params>
          <reporter-output>
          </reporter-output>
        </test-method> <!-- setYear -->
        <test-method status="PASS" signature="init()[pri:0, instance:bwi.prog2B.SS2017.wi16b044_kapferer.ExerciseSheet01.test.TrackTest@48eff760]" name="init" is-config="true" duration-ms="0" started-at="2017-06-25T16:17:21Z" finished-at="2017-06-25T16:17:21Z">
          <reporter-output>
          </reporter-output>
        </test-method> <!-- init -->
        <test-method status="PASS" signature="setYear(int, int)[pri:0, instance:bwi.prog2B.SS2017.wi16b044_kapferer.ExerciseSheet01.test.TrackTest@48eff760]" name="setYear" duration-ms="1" started-at="2017-06-25T16:17:21Z" data-provider="year" finished-at="2017-06-25T16:17:21Z">
          <params>
            <param index="0">
              <value>
                <![CDATA[3000]]>
              </value>
            </param>
            <param index="1">
              <value>
                <![CDATA[0]]>
              </value>
            </param>
          </params>
          <reporter-output>
          </reporter-output>
        </test-method> <!-- setYear -->
        <test-method status="PASS" signature="init()[pri:0, instance:bwi.prog2B.SS2017.wi16b044_kapferer.ExerciseSheet01.test.TrackTest@48eff760]" name="init" is-config="true" duration-ms="0" started-at="2017-06-25T16:17:21Z" finished-at="2017-06-25T16:17:21Z">
          <reporter-output>
          </reporter-output>
        </test-method> <!-- init -->
        <test-method status="PASS" signature="init()[pri:0, instance:bwi.prog2B.SS2017.wi16b044_kapferer.ExerciseSheet01.test.TrackTest@48eff760]" name="init" is-config="true" duration-ms="0" started-at="2017-06-25T16:17:21Z" finished-at="2017-06-25T16:17:21Z">
          <reporter-output>
          </reporter-output>
        </test-method> <!-- init -->
        <test-method status="PASS" signature="setYear(int, int)[pri:0, instance:bwi.prog2B.SS2017.wi16b044_kapferer.ExerciseSheet01.test.TrackTest@48eff760]" name="setYear" duration-ms="1" started-at="2017-06-25T16:17:21Z" data-provider="year" finished-at="2017-06-25T16:17:21Z">
          <params>
            <param index="0">
              <value>
                <![CDATA[2999]]>
              </value>
            </param>
            <param index="1">
              <value>
                <![CDATA[2999]]>
              </value>
            </param>
          </params>
          <reporter-output>
          </reporter-output>
        </test-method> <!-- setYear -->
        <test-method status="PASS" signature="setYear(int, int)[pri:0, instance:bwi.prog2B.SS2017.wi16b044_kapferer.ExerciseSheet01.test.TrackTest@48eff760]" name="setYear" duration-ms="1" started-at="2017-06-25T16:17:21Z" data-provider="year" finished-at="2017-06-25T16:17:21Z">
          <params>
            <param index="0">
              <value>
                <![CDATA[2014]]>
              </value>
            </param>
            <param index="1">
              <value>
                <![CDATA[2014]]>
              </value>
            </param>
          </params>
          <reporter-output>
          </reporter-output>
        </test-method> <!-- setYear -->
        <test-method status="PASS" signature="init()[pri:0, instance:bwi.prog2B.SS2017.wi16b044_kapferer.ExerciseSheet01.test.TrackTest@48eff760]" name="init" is-config="true" duration-ms="0" started-at="2017-06-25T16:17:21Z" finished-at="2017-06-25T16:17:21Z">
          <reporter-output>
          </reporter-output>
        </test-method> <!-- init -->
        <test-method status="PASS" signature="setYear(int, int)[pri:0, instance:bwi.prog2B.SS2017.wi16b044_kapferer.ExerciseSheet01.test.TrackTest@48eff760]" name="setYear" duration-ms="0" started-at="2017-06-25T16:17:21Z" data-provider="year" finished-at="2017-06-25T16:17:21Z">
          <params>
            <param index="0">
              <value>
                <![CDATA[-50]]>
              </value>
            </param>
            <param index="1">
              <value>
                <![CDATA[0]]>
              </value>
            </param>
          </params>
          <reporter-output>
          </reporter-output>
        </test-method> <!-- setYear -->
        <test-method status="PASS" signature="init()[pri:0, instance:bwi.prog2B.SS2017.wi16b044_kapferer.ExerciseSheet01.test.TrackTest@48eff760]" name="init" is-config="true" duration-ms="0" started-at="2017-06-25T16:17:21Z" finished-at="2017-06-25T16:17:21Z">
          <reporter-output>
          </reporter-output>
        </test-method> <!-- init -->
        <test-method status="PASS" signature="init()[pri:0, instance:bwi.prog2B.SS2017.wi16b044_kapferer.ExerciseSheet01.test.TrackTest@48eff760]" name="init" is-config="true" duration-ms="1" started-at="2017-06-25T16:17:21Z" finished-at="2017-06-25T16:17:21Z">
          <reporter-output>
          </reporter-output>
        </test-method> <!-- init -->
        <test-method status="PASS" signature="writerIsKnown(bwi.prog2B.SS2017.wi16b044_kapferer.ExerciseSheet01.Artist, java.lang.String, boolean)[pri:0, instance:bwi.prog2B.SS2017.wi16b044_kapferer.ExerciseSheet01.test.TrackTest@48eff760]" name="writerIsKnown" duration-ms="0" started-at="2017-06-25T16:17:21Z" data-provider="writerKnown" finished-at="2017-06-25T16:17:21Z">
          <params>
            <param index="0">
              <value is-null="true"/>
            </param>
            <param index="1">
              <value is-null="true"/>
            </param>
            <param index="2">
              <value>
                <![CDATA[false]]>
              </value>
            </param>
          </params>
          <reporter-output>
          </reporter-output>
        </test-method> <!-- writerIsKnown -->
        <test-method status="PASS" signature="init()[pri:0, instance:bwi.prog2B.SS2017.wi16b044_kapferer.ExerciseSheet01.test.TrackTest@48eff760]" name="init" is-config="true" duration-ms="0" started-at="2017-06-25T16:17:21Z" finished-at="2017-06-25T16:17:21Z">
          <reporter-output>
          </reporter-output>
        </test-method> <!-- init -->
        <test-method status="PASS" signature="writerIsKnown(bwi.prog2B.SS2017.wi16b044_kapferer.ExerciseSheet01.Artist, java.lang.String, boolean)[pri:0, instance:bwi.prog2B.SS2017.wi16b044_kapferer.ExerciseSheet01.test.TrackTest@48eff760]" name="writerIsKnown" duration-ms="1" started-at="2017-06-25T16:17:21Z" data-provider="writerKnown" finished-at="2017-06-25T16:17:21Z">
          <params>
            <param index="0">
              <value>
                <![CDATA[Mock for Artist, hashCode: 1027591600]]>
              </value>
            </param>
            <param index="1">
              <value is-null="true"/>
            </param>
            <param index="2">
              <value>
                <![CDATA[false]]>
              </value>
            </param>
          </params>
          <reporter-output>
          </reporter-output>
        </test-method> <!-- writerIsKnown -->
        <test-method status="PASS" signature="init()[pri:0, instance:bwi.prog2B.SS2017.wi16b044_kapferer.ExerciseSheet01.test.TrackTest@48eff760]" name="init" is-config="true" duration-ms="0" started-at="2017-06-25T16:17:21Z" finished-at="2017-06-25T16:17:21Z">
          <reporter-output>
          </reporter-output>
        </test-method> <!-- init -->
        <test-method status="PASS" signature="writerIsKnown(bwi.prog2B.SS2017.wi16b044_kapferer.ExerciseSheet01.Artist, java.lang.String, boolean)[pri:0, instance:bwi.prog2B.SS2017.wi16b044_kapferer.ExerciseSheet01.test.TrackTest@48eff760]" name="writerIsKnown" duration-ms="1" started-at="2017-06-25T16:17:21Z" data-provider="writerKnown" finished-at="2017-06-25T16:17:21Z">
          <params>
            <param index="0">
              <value>
                <![CDATA[Mock for Artist, hashCode: 1691875296]]>
              </value>
            </param>
            <param index="1">
              <value>
                <![CDATA[Kiss]]>
              </value>
            </param>
            <param index="2">
              <value>
                <![CDATA[true]]>
              </value>
            </param>
          </params>
          <reporter-output>
          </reporter-output>
        </test-method> <!-- writerIsKnown -->
      </class> <!-- bwi.prog2B.SS2017.wi16b044_kapferer.ExerciseSheet01.test.TrackTest -->
    </test> <!-- Default test -->
  </suite> <!-- Default suite -->
</testng-results>
