<?xml version="1.0" encoding="UTF-8"?>
<testng-results skipped="0" failed="2" ignored="0" total="24" passed="22">
  <reporter-output>
  </reporter-output>
  <suite name="Default suite" duration-ms="185" started-at="2017-06-26T11:19:02Z" finished-at="2017-06-26T11:19:02Z">
    <groups>
    </groups>
    <test name="Default test" duration-ms="185" started-at="2017-06-26T11:19:02Z" finished-at="2017-06-26T11:19:02Z">
      <class name="bwi.prog2B.SS2017.wi16b044_kapferer.ExerciseSheet02.test.EventTest">
        <test-method status="PASS" signature="init()[pri:0, instance:bwi.prog2B.SS2017.wi16b044_kapferer.ExerciseSheet02.test.EventTest@48eff760]" name="init" is-config="true" duration-ms="4" started-at="2017-06-26T13:19:02Z" finished-at="2017-06-26T13:19:02Z">
          <reporter-output>
          </reporter-output>
        </test-method> <!-- init -->
        <test-method status="PASS" signature="Event()[pri:0, instance:bwi.prog2B.SS2017.wi16b044_kapferer.ExerciseSheet02.test.EventTest@48eff760]" name="Event" duration-ms="6" started-at="2017-06-26T13:19:02Z" finished-at="2017-06-26T13:19:02Z">
          <reporter-output>
          </reporter-output>
        </test-method> <!-- Event -->
        <test-method status="PASS" signature="init()[pri:0, instance:bwi.prog2B.SS2017.wi16b044_kapferer.ExerciseSheet02.test.EventTest@48eff760]" name="init" is-config="true" duration-ms="0" started-at="2017-06-26T13:19:02Z" finished-at="2017-06-26T13:19:02Z">
          <reporter-output>
          </reporter-output>
        </test-method> <!-- init -->
        <test-method status="PASS" signature="getArtist()[pri:0, instance:bwi.prog2B.SS2017.wi16b044_kapferer.ExerciseSheet02.test.EventTest@48eff760]" name="getArtist" duration-ms="95" started-at="2017-06-26T13:19:02Z" finished-at="2017-06-26T13:19:02Z">
          <reporter-output>
          </reporter-output>
        </test-method> <!-- getArtist -->
        <test-method status="PASS" signature="init()[pri:0, instance:bwi.prog2B.SS2017.wi16b044_kapferer.ExerciseSheet02.test.EventTest@48eff760]" name="init" is-config="true" duration-ms="0" started-at="2017-06-26T13:19:02Z" finished-at="2017-06-26T13:19:02Z">
          <reporter-output>
          </reporter-output>
        </test-method> <!-- init -->
        <test-method status="PASS" signature="getAttendees(int, int)[pri:0, instance:bwi.prog2B.SS2017.wi16b044_kapferer.ExerciseSheet02.test.EventTest@48eff760]" name="getAttendees" duration-ms="1" started-at="2017-06-26T13:19:02Z" data-provider="attendees" finished-at="2017-06-26T13:19:02Z">
          <params>
            <param index="0">
              <value>
                <![CDATA[0]]>
              </value>
            </param>
            <param index="1">
              <value>
                <![CDATA[0]]>
              </value>
            </param>
          </params>
          <reporter-output>
          </reporter-output>
        </test-method> <!-- getAttendees -->
        <test-method status="PASS" signature="getAttendees(int, int)[pri:0, instance:bwi.prog2B.SS2017.wi16b044_kapferer.ExerciseSheet02.test.EventTest@48eff760]" name="getAttendees" duration-ms="1" started-at="2017-06-26T13:19:02Z" data-provider="attendees" finished-at="2017-06-26T13:19:02Z">
          <params>
            <param index="0">
              <value>
                <![CDATA[15]]>
              </value>
            </param>
            <param index="1">
              <value>
                <![CDATA[15]]>
              </value>
            </param>
          </params>
          <reporter-output>
          </reporter-output>
        </test-method> <!-- getAttendees -->
        <test-method status="PASS" signature="init()[pri:0, instance:bwi.prog2B.SS2017.wi16b044_kapferer.ExerciseSheet02.test.EventTest@48eff760]" name="init" is-config="true" duration-ms="0" started-at="2017-06-26T13:19:02Z" finished-at="2017-06-26T13:19:02Z">
          <reporter-output>
          </reporter-output>
        </test-method> <!-- init -->
        <test-method status="PASS" signature="getAttendees(int, int)[pri:0, instance:bwi.prog2B.SS2017.wi16b044_kapferer.ExerciseSheet02.test.EventTest@48eff760]" name="getAttendees" duration-ms="1" started-at="2017-06-26T13:19:02Z" data-provider="attendees" finished-at="2017-06-26T13:19:02Z">
          <params>
            <param index="0">
              <value>
                <![CDATA[-15]]>
              </value>
            </param>
            <param index="1">
              <value>
                <![CDATA[0]]>
              </value>
            </param>
          </params>
          <reporter-output>
          </reporter-output>
        </test-method> <!-- getAttendees -->
        <test-method status="PASS" signature="init()[pri:0, instance:bwi.prog2B.SS2017.wi16b044_kapferer.ExerciseSheet02.test.EventTest@48eff760]" name="init" is-config="true" duration-ms="0" started-at="2017-06-26T13:19:02Z" finished-at="2017-06-26T13:19:02Z">
          <reporter-output>
          </reporter-output>
        </test-method> <!-- init -->
        <test-method status="PASS" signature="getDate(bwi.prog.utils.Date, bwi.prog.utils.Date)[pri:0, instance:bwi.prog2B.SS2017.wi16b044_kapferer.ExerciseSheet02.test.EventTest@48eff760]" name="getDate" duration-ms="1" started-at="2017-06-26T13:19:02Z" data-provider="date" finished-at="2017-06-26T13:19:02Z">
          <params>
            <param index="0">
              <value is-null="true"/>
            </param>
            <param index="1">
              <value is-null="true"/>
            </param>
          </params>
          <reporter-output>
          </reporter-output>
        </test-method> <!-- getDate -->
        <test-method status="PASS" signature="init()[pri:0, instance:bwi.prog2B.SS2017.wi16b044_kapferer.ExerciseSheet02.test.EventTest@48eff760]" name="init" is-config="true" duration-ms="0" started-at="2017-06-26T13:19:02Z" finished-at="2017-06-26T13:19:02Z">
          <reporter-output>
          </reporter-output>
        </test-method> <!-- init -->
        <test-method status="PASS" signature="init()[pri:0, instance:bwi.prog2B.SS2017.wi16b044_kapferer.ExerciseSheet02.test.EventTest@48eff760]" name="init" is-config="true" duration-ms="0" started-at="2017-06-26T13:19:02Z" finished-at="2017-06-26T13:19:02Z">
          <reporter-output>
          </reporter-output>
        </test-method> <!-- init -->
        <test-method status="PASS" signature="getDate(bwi.prog.utils.Date, bwi.prog.utils.Date)[pri:0, instance:bwi.prog2B.SS2017.wi16b044_kapferer.ExerciseSheet02.test.EventTest@48eff760]" name="getDate" duration-ms="1" started-at="2017-06-26T13:19:02Z" data-provider="date" finished-at="2017-06-26T13:19:02Z">
          <params>
            <param index="0">
              <value>
                <![CDATA[Mock for Date, hashCode: 708890004]]>
              </value>
            </param>
            <param index="1">
              <value>
                <![CDATA[Mock for Date, hashCode: 708890004]]>
              </value>
            </param>
          </params>
          <reporter-output>
          </reporter-output>
        </test-method> <!-- getDate -->
        <test-method status="PASS" signature="getDescription(java.lang.String, java.lang.String)[pri:0, instance:bwi.prog2B.SS2017.wi16b044_kapferer.ExerciseSheet02.test.EventTest@48eff760]" name="getDescription" duration-ms="1" started-at="2017-06-26T13:19:02Z" data-provider="description" finished-at="2017-06-26T13:19:02Z">
          <params>
            <param index="0">
              <value is-null="true"/>
            </param>
            <param index="1">
              <value>
                <![CDATA[]]>
              </value>
            </param>
          </params>
          <reporter-output>
          </reporter-output>
        </test-method> <!-- getDescription -->
        <test-method status="PASS" signature="init()[pri:0, instance:bwi.prog2B.SS2017.wi16b044_kapferer.ExerciseSheet02.test.EventTest@48eff760]" name="init" is-config="true" duration-ms="0" started-at="2017-06-26T13:19:02Z" finished-at="2017-06-26T13:19:02Z">
          <reporter-output>
          </reporter-output>
        </test-method> <!-- init -->
        <test-method status="PASS" signature="getDescription(java.lang.String, java.lang.String)[pri:0, instance:bwi.prog2B.SS2017.wi16b044_kapferer.ExerciseSheet02.test.EventTest@48eff760]" name="getDescription" duration-ms="1" started-at="2017-06-26T13:19:02Z" data-provider="description" finished-at="2017-06-26T13:19:02Z">
          <params>
            <param index="0">
              <value>
                <![CDATA[]]>
              </value>
            </param>
            <param index="1">
              <value>
                <![CDATA[]]>
              </value>
            </param>
          </params>
          <reporter-output>
          </reporter-output>
        </test-method> <!-- getDescription -->
        <test-method status="PASS" signature="init()[pri:0, instance:bwi.prog2B.SS2017.wi16b044_kapferer.ExerciseSheet02.test.EventTest@48eff760]" name="init" is-config="true" duration-ms="0" started-at="2017-06-26T13:19:02Z" finished-at="2017-06-26T13:19:02Z">
          <reporter-output>
          </reporter-output>
        </test-method> <!-- init -->
        <test-method status="PASS" signature="getDescription(java.lang.String, java.lang.String)[pri:0, instance:bwi.prog2B.SS2017.wi16b044_kapferer.ExerciseSheet02.test.EventTest@48eff760]" name="getDescription" duration-ms="1" started-at="2017-06-26T13:19:02Z" data-provider="description" finished-at="2017-06-26T13:19:02Z">
          <params>
            <param index="0">
              <value>
                <![CDATA[test description]]>
              </value>
            </param>
            <param index="1">
              <value>
                <![CDATA[test description]]>
              </value>
            </param>
          </params>
          <reporter-output>
          </reporter-output>
        </test-method> <!-- getDescription -->
        <test-method status="PASS" signature="init()[pri:0, instance:bwi.prog2B.SS2017.wi16b044_kapferer.ExerciseSheet02.test.EventTest@48eff760]" name="init" is-config="true" duration-ms="0" started-at="2017-06-26T13:19:02Z" finished-at="2017-06-26T13:19:02Z">
          <reporter-output>
          </reporter-output>
        </test-method> <!-- init -->
        <test-method status="PASS" signature="init()[pri:0, instance:bwi.prog2B.SS2017.wi16b044_kapferer.ExerciseSheet02.test.EventTest@48eff760]" name="init" is-config="true" duration-ms="0" started-at="2017-06-26T13:19:02Z" finished-at="2017-06-26T13:19:02Z">
          <reporter-output>
          </reporter-output>
        </test-method> <!-- init -->
        <test-method status="PASS" signature="getVenue(bwi.prog.utils.Venue, bwi.prog.utils.Venue)[pri:0, instance:bwi.prog2B.SS2017.wi16b044_kapferer.ExerciseSheet02.test.EventTest@48eff760]" name="getVenue" duration-ms="1" started-at="2017-06-26T13:19:02Z" data-provider="venue" finished-at="2017-06-26T13:19:02Z">
          <params>
            <param index="0">
              <value is-null="true"/>
            </param>
            <param index="1">
              <value is-null="true"/>
            </param>
          </params>
          <reporter-output>
          </reporter-output>
        </test-method> <!-- getVenue -->
        <test-method status="PASS" signature="init()[pri:0, instance:bwi.prog2B.SS2017.wi16b044_kapferer.ExerciseSheet02.test.EventTest@48eff760]" name="init" is-config="true" duration-ms="1" started-at="2017-06-26T13:19:02Z" finished-at="2017-06-26T13:19:02Z">
          <reporter-output>
          </reporter-output>
        </test-method> <!-- init -->
        <test-method status="PASS" signature="getVenue(bwi.prog.utils.Venue, bwi.prog.utils.Venue)[pri:0, instance:bwi.prog2B.SS2017.wi16b044_kapferer.ExerciseSheet02.test.EventTest@48eff760]" name="getVenue" duration-ms="0" started-at="2017-06-26T13:19:02Z" data-provider="venue" finished-at="2017-06-26T13:19:02Z">
          <params>
            <param index="0">
              <value>
                <![CDATA[Mock for Venue, hashCode: 1485697819]]>
              </value>
            </param>
            <param index="1">
              <value>
                <![CDATA[Mock for Venue, hashCode: 1485697819]]>
              </value>
            </param>
          </params>
          <reporter-output>
          </reporter-output>
        </test-method> <!-- getVenue -->
        <test-method status="PASS" signature="init()[pri:0, instance:bwi.prog2B.SS2017.wi16b044_kapferer.ExerciseSheet02.test.EventTest@48eff760]" name="init" is-config="true" duration-ms="0" started-at="2017-06-26T13:19:02Z" finished-at="2017-06-26T13:19:02Z">
          <reporter-output>
          </reporter-output>
        </test-method> <!-- init -->
        <test-method status="PASS" signature="setArtist(bwi.prog2B.SS2017.wi16b044_kapferer.ExerciseSheet02.Artist, bwi.prog2B.SS2017.wi16b044_kapferer.ExerciseSheet02.Artist)[pri:0, instance:bwi.prog2B.SS2017.wi16b044_kapferer.ExerciseSheet02.test.EventTest@48eff760]" name="setArtist" duration-ms="1" started-at="2017-06-26T13:19:02Z" data-provider="artist" finished-at="2017-06-26T13:19:02Z">
          <params>
            <param index="0">
              <value is-null="true"/>
            </param>
            <param index="1">
              <value is-null="true"/>
            </param>
          </params>
          <reporter-output>
          </reporter-output>
        </test-method> <!-- setArtist -->
        <test-method status="PASS" signature="setArtist(bwi.prog2B.SS2017.wi16b044_kapferer.ExerciseSheet02.Artist, bwi.prog2B.SS2017.wi16b044_kapferer.ExerciseSheet02.Artist)[pri:0, instance:bwi.prog2B.SS2017.wi16b044_kapferer.ExerciseSheet02.test.EventTest@48eff760]" name="setArtist" duration-ms="0" started-at="2017-06-26T13:19:02Z" data-provider="artist" finished-at="2017-06-26T13:19:02Z">
          <params>
            <param index="0">
              <value>
                <![CDATA[Mock for Artist, hashCode: 1848415041]]>
              </value>
            </param>
            <param index="1">
              <value>
                <![CDATA[Mock for Artist, hashCode: 1848415041]]>
              </value>
            </param>
          </params>
          <reporter-output>
          </reporter-output>
        </test-method> <!-- setArtist -->
        <test-method status="PASS" signature="init()[pri:0, instance:bwi.prog2B.SS2017.wi16b044_kapferer.ExerciseSheet02.test.EventTest@48eff760]" name="init" is-config="true" duration-ms="0" started-at="2017-06-26T13:19:02Z" finished-at="2017-06-26T13:19:02Z">
          <reporter-output>
          </reporter-output>
        </test-method> <!-- init -->
        <test-method status="PASS" signature="setAttendees(int, int)[pri:0, instance:bwi.prog2B.SS2017.wi16b044_kapferer.ExerciseSheet02.test.EventTest@48eff760]" name="setAttendees" duration-ms="1" started-at="2017-06-26T13:19:02Z" data-provider="attendees" finished-at="2017-06-26T13:19:02Z">
          <params>
            <param index="0">
              <value>
                <![CDATA[0]]>
              </value>
            </param>
            <param index="1">
              <value>
                <![CDATA[0]]>
              </value>
            </param>
          </params>
          <reporter-output>
          </reporter-output>
        </test-method> <!-- setAttendees -->
        <test-method status="PASS" signature="init()[pri:0, instance:bwi.prog2B.SS2017.wi16b044_kapferer.ExerciseSheet02.test.EventTest@48eff760]" name="init" is-config="true" duration-ms="0" started-at="2017-06-26T13:19:02Z" finished-at="2017-06-26T13:19:02Z">
          <reporter-output>
          </reporter-output>
        </test-method> <!-- init -->
        <test-method status="PASS" signature="init()[pri:0, instance:bwi.prog2B.SS2017.wi16b044_kapferer.ExerciseSheet02.test.EventTest@48eff760]" name="init" is-config="true" duration-ms="1" started-at="2017-06-26T13:19:02Z" finished-at="2017-06-26T13:19:02Z">
          <reporter-output>
          </reporter-output>
        </test-method> <!-- init -->
        <test-method status="PASS" signature="setAttendees(int, int)[pri:0, instance:bwi.prog2B.SS2017.wi16b044_kapferer.ExerciseSheet02.test.EventTest@48eff760]" name="setAttendees" duration-ms="0" started-at="2017-06-26T13:19:02Z" data-provider="attendees" finished-at="2017-06-26T13:19:02Z">
          <params>
            <param index="0">
              <value>
                <![CDATA[15]]>
              </value>
            </param>
            <param index="1">
              <value>
                <![CDATA[15]]>
              </value>
            </param>
          </params>
          <reporter-output>
          </reporter-output>
        </test-method> <!-- setAttendees -->
        <test-method status="PASS" signature="setAttendees(int, int)[pri:0, instance:bwi.prog2B.SS2017.wi16b044_kapferer.ExerciseSheet02.test.EventTest@48eff760]" name="setAttendees" duration-ms="1" started-at="2017-06-26T13:19:02Z" data-provider="attendees" finished-at="2017-06-26T13:19:02Z">
          <params>
            <param index="0">
              <value>
                <![CDATA[-15]]>
              </value>
            </param>
            <param index="1">
              <value>
                <![CDATA[0]]>
              </value>
            </param>
          </params>
          <reporter-output>
          </reporter-output>
        </test-method> <!-- setAttendees -->
        <test-method status="PASS" signature="init()[pri:0, instance:bwi.prog2B.SS2017.wi16b044_kapferer.ExerciseSheet02.test.EventTest@48eff760]" name="init" is-config="true" duration-ms="0" started-at="2017-06-26T13:19:02Z" finished-at="2017-06-26T13:19:02Z">
          <reporter-output>
          </reporter-output>
        </test-method> <!-- init -->
        <test-method status="FAIL" signature="setDate(bwi.prog.utils.Date, bwi.prog.utils.Date)[pri:0, instance:bwi.prog2B.SS2017.wi16b044_kapferer.ExerciseSheet02.test.EventTest@48eff760]" name="setDate" duration-ms="1" started-at="2017-06-26T13:19:02Z" data-provider="date" finished-at="2017-06-26T13:19:02Z">
          <params>
            <param index="0">
              <value is-null="true"/>
            </param>
            <param index="1">
              <value is-null="true"/>
            </param>
          </params>
          <exception class="java.lang.AssertionError">
            <message>
              <![CDATA[field should be set to null expected [null] but found [01.01.1970]]]>
            </message>
            <full-stacktrace>
              <![CDATA[java.lang.AssertionError: field should be set to null expected [null] but found [01.01.1970]
	at org.testng.Assert.fail(Assert.java:93)
	at org.testng.Assert.failNotEquals(Assert.java:512)
	at org.testng.Assert.assertEqualsImpl(Assert.java:129)
	at org.testng.Assert.assertEquals(Assert.java:115)
	at bwi.prog2B.SS2017.wi16b044_kapferer.ExerciseSheet02.test.EventTest.setDate(EventTest.java:219)
	at sun.reflect.NativeMethodAccessorImpl.invoke0(Native Method)
	at sun.reflect.NativeMethodAccessorImpl.invoke(NativeMethodAccessorImpl.java:62)
	at sun.reflect.DelegatingMethodAccessorImpl.invoke(DelegatingMethodAccessorImpl.java:43)
	at java.lang.reflect.Method.invoke(Method.java:498)
	at org.testng.internal.MethodInvocationHelper.invokeMethod(MethodInvocationHelper.java:108)
	at org.testng.internal.Invoker.invokeMethod(Invoker.java:661)
	at org.testng.internal.Invoker.invokeTestMethod(Invoker.java:869)
	at org.testng.internal.Invoker.invokeTestMethods(Invoker.java:1193)
	at org.testng.internal.TestMethodWorker.invokeTestMethods(TestMethodWorker.java:126)
	at org.testng.internal.TestMethodWorker.run(TestMethodWorker.java:109)
	at org.testng.TestRunner.privateRun(TestRunner.java:744)
	at org.testng.TestRunner.run(TestRunner.java:602)
	at org.testng.SuiteRunner.runTest(SuiteRunner.java:380)
	at org.testng.SuiteRunner.runSequentially(SuiteRunner.java:375)
	at org.testng.SuiteRunner.privateRun(SuiteRunner.java:340)
	at org.testng.SuiteRunner.run(SuiteRunner.java:289)
	at org.testng.SuiteRunnerWorker.runSuite(SuiteRunnerWorker.java:52)
	at org.testng.SuiteRunnerWorker.run(SuiteRunnerWorker.java:86)
	at org.testng.TestNG.runSuitesSequentially(TestNG.java:1301)
	at org.testng.TestNG.runSuitesLocally(TestNG.java:1226)
	at org.testng.TestNG.runSuites(TestNG.java:1144)
	at org.testng.TestNG.run(TestNG.java:1115)
	at org.testng.remote.AbstractRemoteTestNG.run(AbstractRemoteTestNG.java:132)
	at org.testng.remote.RemoteTestNG.initAndRun(RemoteTestNG.java:230)
	at org.testng.remote.RemoteTestNG.main(RemoteTestNG.java:76)
]]>
            </full-stacktrace>
          </exception> <!-- java.lang.AssertionError -->
          <reporter-output>
          </reporter-output>
        </test-method> <!-- setDate -->
        <test-method status="PASS" signature="init()[pri:0, instance:bwi.prog2B.SS2017.wi16b044_kapferer.ExerciseSheet02.test.EventTest@48eff760]" name="init" is-config="true" duration-ms="0" started-at="2017-06-26T13:19:02Z" finished-at="2017-06-26T13:19:02Z">
          <reporter-output>
          </reporter-output>
        </test-method> <!-- init -->
        <test-method status="PASS" signature="init()[pri:0, instance:bwi.prog2B.SS2017.wi16b044_kapferer.ExerciseSheet02.test.EventTest@48eff760]" name="init" is-config="true" duration-ms="0" started-at="2017-06-26T13:19:02Z" finished-at="2017-06-26T13:19:02Z">
          <reporter-output>
          </reporter-output>
        </test-method> <!-- init -->
        <test-method status="PASS" signature="setDate(bwi.prog.utils.Date, bwi.prog.utils.Date)[pri:0, instance:bwi.prog2B.SS2017.wi16b044_kapferer.ExerciseSheet02.test.EventTest@48eff760]" name="setDate" duration-ms="1" started-at="2017-06-26T13:19:02Z" data-provider="date" finished-at="2017-06-26T13:19:02Z">
          <params>
            <param index="0">
              <value>
                <![CDATA[Mock for Date, hashCode: 302155142]]>
              </value>
            </param>
            <param index="1">
              <value>
                <![CDATA[Mock for Date, hashCode: 302155142]]>
              </value>
            </param>
          </params>
          <reporter-output>
          </reporter-output>
        </test-method> <!-- setDate -->
        <test-method status="FAIL" signature="setDescription(java.lang.String, java.lang.String)[pri:0, instance:bwi.prog2B.SS2017.wi16b044_kapferer.ExerciseSheet02.test.EventTest@48eff760]" name="setDescription" duration-ms="0" started-at="2017-06-26T13:19:02Z" data-provider="description" finished-at="2017-06-26T13:19:02Z">
          <params>
            <param index="0">
              <value is-null="true"/>
            </param>
            <param index="1">
              <value>
                <![CDATA[]]>
              </value>
            </param>
          </params>
          <exception class="java.lang.AssertionError">
            <message>
              <![CDATA[field should be set to expected [] but found [null]]]>
            </message>
            <full-stacktrace>
              <![CDATA[java.lang.AssertionError: field should be set to expected [] but found [null]
	at org.testng.Assert.fail(Assert.java:93)
	at org.testng.Assert.failNotEquals(Assert.java:512)
	at org.testng.Assert.assertEqualsImpl(Assert.java:129)
	at org.testng.Assert.assertEquals(Assert.java:115)
	at bwi.prog2B.SS2017.wi16b044_kapferer.ExerciseSheet02.test.EventTest.setDescription(EventTest.java:260)
	at sun.reflect.NativeMethodAccessorImpl.invoke0(Native Method)
	at sun.reflect.NativeMethodAccessorImpl.invoke(NativeMethodAccessorImpl.java:62)
	at sun.reflect.DelegatingMethodAccessorImpl.invoke(DelegatingMethodAccessorImpl.java:43)
	at java.lang.reflect.Method.invoke(Method.java:498)
	at org.testng.internal.MethodInvocationHelper.invokeMethod(MethodInvocationHelper.java:108)
	at org.testng.internal.Invoker.invokeMethod(Invoker.java:661)
	at org.testng.internal.Invoker.invokeTestMethod(Invoker.java:869)
	at org.testng.internal.Invoker.invokeTestMethods(Invoker.java:1193)
	at org.testng.internal.TestMethodWorker.invokeTestMethods(TestMethodWorker.java:126)
	at org.testng.internal.TestMethodWorker.run(TestMethodWorker.java:109)
	at org.testng.TestRunner.privateRun(TestRunner.java:744)
	at org.testng.TestRunner.run(TestRunner.java:602)
	at org.testng.SuiteRunner.runTest(SuiteRunner.java:380)
	at org.testng.SuiteRunner.runSequentially(SuiteRunner.java:375)
	at org.testng.SuiteRunner.privateRun(SuiteRunner.java:340)
	at org.testng.SuiteRunner.run(SuiteRunner.java:289)
	at org.testng.SuiteRunnerWorker.runSuite(SuiteRunnerWorker.java:52)
	at org.testng.SuiteRunnerWorker.run(SuiteRunnerWorker.java:86)
	at org.testng.TestNG.runSuitesSequentially(TestNG.java:1301)
	at org.testng.TestNG.runSuitesLocally(TestNG.java:1226)
	at org.testng.TestNG.runSuites(TestNG.java:1144)
	at org.testng.TestNG.run(TestNG.java:1115)
	at org.testng.remote.AbstractRemoteTestNG.run(AbstractRemoteTestNG.java:132)
	at org.testng.remote.RemoteTestNG.initAndRun(RemoteTestNG.java:230)
	at org.testng.remote.RemoteTestNG.main(RemoteTestNG.java:76)
]]>
            </full-stacktrace>
          </exception> <!-- java.lang.AssertionError -->
          <reporter-output>
          </reporter-output>
        </test-method> <!-- setDescription -->
        <test-method status="PASS" signature="init()[pri:0, instance:bwi.prog2B.SS2017.wi16b044_kapferer.ExerciseSheet02.test.EventTest@48eff760]" name="init" is-config="true" duration-ms="0" started-at="2017-06-26T13:19:02Z" finished-at="2017-06-26T13:19:02Z">
          <reporter-output>
          </reporter-output>
        </test-method> <!-- init -->
        <test-method status="PASS" signature="init()[pri:0, instance:bwi.prog2B.SS2017.wi16b044_kapferer.ExerciseSheet02.test.EventTest@48eff760]" name="init" is-config="true" duration-ms="0" started-at="2017-06-26T13:19:02Z" finished-at="2017-06-26T13:19:02Z">
          <reporter-output>
          </reporter-output>
        </test-method> <!-- init -->
        <test-method status="PASS" signature="setDescription(java.lang.String, java.lang.String)[pri:0, instance:bwi.prog2B.SS2017.wi16b044_kapferer.ExerciseSheet02.test.EventTest@48eff760]" name="setDescription" duration-ms="1" started-at="2017-06-26T13:19:02Z" data-provider="description" finished-at="2017-06-26T13:19:02Z">
          <params>
            <param index="0">
              <value>
                <![CDATA[]]>
              </value>
            </param>
            <param index="1">
              <value>
                <![CDATA[]]>
              </value>
            </param>
          </params>
          <reporter-output>
          </reporter-output>
        </test-method> <!-- setDescription -->
        <test-method status="PASS" signature="init()[pri:0, instance:bwi.prog2B.SS2017.wi16b044_kapferer.ExerciseSheet02.test.EventTest@48eff760]" name="init" is-config="true" duration-ms="0" started-at="2017-06-26T13:19:02Z" finished-at="2017-06-26T13:19:02Z">
          <reporter-output>
          </reporter-output>
        </test-method> <!-- init -->
        <test-method status="PASS" signature="setDescription(java.lang.String, java.lang.String)[pri:0, instance:bwi.prog2B.SS2017.wi16b044_kapferer.ExerciseSheet02.test.EventTest@48eff760]" name="setDescription" duration-ms="0" started-at="2017-06-26T13:19:02Z" data-provider="description" finished-at="2017-06-26T13:19:02Z">
          <params>
            <param index="0">
              <value>
                <![CDATA[test description]]>
              </value>
            </param>
            <param index="1">
              <value>
                <![CDATA[test description]]>
              </value>
            </param>
          </params>
          <reporter-output>
          </reporter-output>
        </test-method> <!-- setDescription -->
        <test-method status="PASS" signature="setVenue(bwi.prog.utils.Venue, bwi.prog.utils.Venue)[pri:0, instance:bwi.prog2B.SS2017.wi16b044_kapferer.ExerciseSheet02.test.EventTest@48eff760]" name="setVenue" duration-ms="1" started-at="2017-06-26T13:19:02Z" data-provider="venue" finished-at="2017-06-26T13:19:02Z">
          <params>
            <param index="0">
              <value is-null="true"/>
            </param>
            <param index="1">
              <value is-null="true"/>
            </param>
          </params>
          <reporter-output>
          </reporter-output>
        </test-method> <!-- setVenue -->
        <test-method status="PASS" signature="init()[pri:0, instance:bwi.prog2B.SS2017.wi16b044_kapferer.ExerciseSheet02.test.EventTest@48eff760]" name="init" is-config="true" duration-ms="0" started-at="2017-06-26T13:19:02Z" finished-at="2017-06-26T13:19:02Z">
          <reporter-output>
          </reporter-output>
        </test-method> <!-- init -->
        <test-method status="PASS" signature="setVenue(bwi.prog.utils.Venue, bwi.prog.utils.Venue)[pri:0, instance:bwi.prog2B.SS2017.wi16b044_kapferer.ExerciseSheet02.test.EventTest@48eff760]" name="setVenue" duration-ms="1" started-at="2017-06-26T13:19:02Z" data-provider="venue" finished-at="2017-06-26T13:19:02Z">
          <params>
            <param index="0">
              <value>
                <![CDATA[Mock for Venue, hashCode: 1095293768]]>
              </value>
            </param>
            <param index="1">
              <value>
                <![CDATA[Mock for Venue, hashCode: 1095293768]]>
              </value>
            </param>
          </params>
          <reporter-output>
          </reporter-output>
        </test-method> <!-- setVenue -->
        <test-method status="PASS" signature="init()[pri:0, instance:bwi.prog2B.SS2017.wi16b044_kapferer.ExerciseSheet02.test.EventTest@48eff760]" name="init" is-config="true" duration-ms="0" started-at="2017-06-26T13:19:02Z" finished-at="2017-06-26T13:19:02Z">
          <reporter-output>
          </reporter-output>
        </test-method> <!-- init -->
      </class> <!-- bwi.prog2B.SS2017.wi16b044_kapferer.ExerciseSheet02.test.EventTest -->
    </test> <!-- Default test -->
  </suite> <!-- Default suite -->
</testng-results>
